{"/home/stephen/Downloads/table-football/api/api/routes/public/users.js": {"path":"/home/stephen/Downloads/table-football/api/api/routes/public/users.js","statementMap":{"0":{"start":{"line":1,"column":12},"end":{"line":1,"column":36}},"1":{"start":{"line":2,"column":17},"end":{"line":2,"column":36}},"2":{"start":{"line":3,"column":17},"end":{"line":3,"column":39}},"3":{"start":{"line":6,"column":13},"end":{"line":6,"column":35}},"4":{"start":{"line":8,"column":26},"end":{"line":13,"column":22}},"5":{"start":{"line":15,"column":2},"end":{"line":17,"column":3}},"6":{"start":{"line":16,"column":4},"end":{"line":16,"column":66}},"7":{"start":{"line":19,"column":23},"end":{"line":19,"column":66}},"8":{"start":{"line":21,"column":2},"end":{"line":23,"column":3}},"9":{"start":{"line":22,"column":4},"end":{"line":22,"column":81}},"10":{"start":{"line":25,"column":15},"end":{"line":31,"column":4}},"11":{"start":{"line":33,"column":2},"end":{"line":33,"column":20}},"12":{"start":{"line":35,"column":16},"end":{"line":35,"column":49}},"13":{"start":{"line":37,"column":2},"end":{"line":42,"column":5}},"14":{"start":{"line":46,"column":30},"end":{"line":49,"column":3}},"15":{"start":{"line":51,"column":26},"end":{"line":51,"column":83}},"16":{"start":{"line":53,"column":2},"end":{"line":55,"column":3}},"17":{"start":{"line":54,"column":4},"end":{"line":54,"column":66}},"18":{"start":{"line":57,"column":15},"end":{"line":57,"column":58}},"19":{"start":{"line":59,"column":2},"end":{"line":61,"column":3}},"20":{"start":{"line":60,"column":4},"end":{"line":60,"column":86}},"21":{"start":{"line":63,"column":2},"end":{"line":65,"column":3}},"22":{"start":{"line":64,"column":4},"end":{"line":64,"column":86}},"23":{"start":{"line":67,"column":16},"end":{"line":67,"column":49}},"24":{"start":{"line":69,"column":2},"end":{"line":72,"column":5}},"25":{"start":{"line":76,"column":16},"end":{"line":76,"column":31}},"26":{"start":{"line":78,"column":2},"end":{"line":80,"column":3}},"27":{"start":{"line":79,"column":4},"end":{"line":79,"column":81}},"28":{"start":{"line":82,"column":29},"end":{"line":82,"column":83}},"29":{"start":{"line":84,"column":2},"end":{"line":86,"column":3}},"30":{"start":{"line":85,"column":4},"end":{"line":85,"column":81}},"31":{"start":{"line":88,"column":2},"end":{"line":88,"column":22}},"32":{"start":{"line":92,"column":16},"end":{"line":92,"column":30}},"33":{"start":{"line":94,"column":2},"end":{"line":96,"column":3}},"34":{"start":{"line":95,"column":4},"end":{"line":95,"column":78}},"35":{"start":{"line":98,"column":15},"end":{"line":98,"column":42}},"36":{"start":{"line":100,"column":2},"end":{"line":102,"column":3}},"37":{"start":{"line":101,"column":4},"end":{"line":101,"column":86}},"38":{"start":{"line":104,"column":58},"end":{"line":104,"column":99}},"39":{"start":{"line":106,"column":29},"end":{"line":106,"column":60}},"40":{"start":{"line":107,"column":27},"end":{"line":107,"column":71}},"41":{"start":{"line":109,"column":2},"end":{"line":112,"column":4}},"42":{"start":{"line":114,"column":2},"end":{"line":114,"column":29}},"43":{"start":{"line":118,"column":2},"end":{"line":120,"column":3}},"44":{"start":{"line":119,"column":4},"end":{"line":119,"column":78}},"45":{"start":{"line":122,"column":2},"end":{"line":124,"column":3}},"46":{"start":{"line":123,"column":4},"end":{"line":123,"column":73}},"47":{"start":{"line":126,"column":2},"end":{"line":128,"column":3}},"48":{"start":{"line":127,"column":4},"end":{"line":127,"column":70}},"49":{"start":{"line":130,"column":15},"end":{"line":130,"column":58}},"50":{"start":{"line":132,"column":2},"end":{"line":134,"column":3}},"51":{"start":{"line":133,"column":4},"end":{"line":133,"column":67}},"52":{"start":{"line":136,"column":24},"end":{"line":136,"column":94}},"53":{"start":{"line":138,"column":2},"end":{"line":140,"column":3}},"54":{"start":{"line":139,"column":4},"end":{"line":139,"column":72}},"55":{"start":{"line":142,"column":2},"end":{"line":142,"column":36}},"56":{"start":{"line":144,"column":2},"end":{"line":144,"column":20}},"57":{"start":{"line":146,"column":2},"end":{"line":146,"column":22}},"58":{"start":{"line":149,"column":0},"end":{"line":155,"column":1}}},"fnMap":{"0":{"name":"create","decl":{"start":{"line":7,"column":15},"end":{"line":7,"column":21}},"loc":{"start":{"line":7,"column":32},"end":{"line":43,"column":1}},"line":7},"1":{"name":"authenticate","decl":{"start":{"line":45,"column":15},"end":{"line":45,"column":27}},"loc":{"start":{"line":45,"column":38},"end":{"line":73,"column":1}},"line":45},"2":{"name":"checkPasswordResetToken","decl":{"start":{"line":75,"column":15},"end":{"line":75,"column":38}},"loc":{"start":{"line":75,"column":49},"end":{"line":89,"column":1}},"line":75},"3":{"name":"createPasswordReset","decl":{"start":{"line":91,"column":15},"end":{"line":91,"column":34}},"loc":{"start":{"line":91,"column":45},"end":{"line":115,"column":1}},"line":91},"4":{"name":"updateUserFromPasswordReset","decl":{"start":{"line":117,"column":15},"end":{"line":117,"column":42}},"loc":{"start":{"line":117,"column":53},"end":{"line":147,"column":1}},"line":117}},"branchMap":{"0":{"loc":{"start":{"line":15,"column":2},"end":{"line":17,"column":3}},"type":"if","locations":[{"start":{"line":15,"column":2},"end":{"line":17,"column":3}},{"start":{"line":15,"column":2},"end":{"line":17,"column":3}}],"line":15},"1":{"loc":{"start":{"line":21,"column":2},"end":{"line":23,"column":3}},"type":"if","locations":[{"start":{"line":21,"column":2},"end":{"line":23,"column":3}},{"start":{"line":21,"column":2},"end":{"line":23,"column":3}}],"line":21},"2":{"loc":{"start":{"line":53,"column":2},"end":{"line":55,"column":3}},"type":"if","locations":[{"start":{"line":53,"column":2},"end":{"line":55,"column":3}},{"start":{"line":53,"column":2},"end":{"line":55,"column":3}}],"line":53},"3":{"loc":{"start":{"line":59,"column":2},"end":{"line":61,"column":3}},"type":"if","locations":[{"start":{"line":59,"column":2},"end":{"line":61,"column":3}},{"start":{"line":59,"column":2},"end":{"line":61,"column":3}}],"line":59},"4":{"loc":{"start":{"line":63,"column":2},"end":{"line":65,"column":3}},"type":"if","locations":[{"start":{"line":63,"column":2},"end":{"line":65,"column":3}},{"start":{"line":63,"column":2},"end":{"line":65,"column":3}}],"line":63},"5":{"loc":{"start":{"line":78,"column":2},"end":{"line":80,"column":3}},"type":"if","locations":[{"start":{"line":78,"column":2},"end":{"line":80,"column":3}},{"start":{"line":78,"column":2},"end":{"line":80,"column":3}}],"line":78},"6":{"loc":{"start":{"line":84,"column":2},"end":{"line":86,"column":3}},"type":"if","locations":[{"start":{"line":84,"column":2},"end":{"line":86,"column":3}},{"start":{"line":84,"column":2},"end":{"line":86,"column":3}}],"line":84},"7":{"loc":{"start":{"line":84,"column":6},"end":{"line":84,"column":67}},"type":"binary-expr","locations":[{"start":{"line":84,"column":6},"end":{"line":84,"column":25}},{"start":{"line":84,"column":29},"end":{"line":84,"column":67}}],"line":84},"8":{"loc":{"start":{"line":94,"column":2},"end":{"line":96,"column":3}},"type":"if","locations":[{"start":{"line":94,"column":2},"end":{"line":96,"column":3}},{"start":{"line":94,"column":2},"end":{"line":96,"column":3}}],"line":94},"9":{"loc":{"start":{"line":100,"column":2},"end":{"line":102,"column":3}},"type":"if","locations":[{"start":{"line":100,"column":2},"end":{"line":102,"column":3}},{"start":{"line":100,"column":2},"end":{"line":102,"column":3}}],"line":100},"10":{"loc":{"start":{"line":118,"column":2},"end":{"line":120,"column":3}},"type":"if","locations":[{"start":{"line":118,"column":2},"end":{"line":120,"column":3}},{"start":{"line":118,"column":2},"end":{"line":120,"column":3}}],"line":118},"11":{"loc":{"start":{"line":122,"column":2},"end":{"line":124,"column":3}},"type":"if","locations":[{"start":{"line":122,"column":2},"end":{"line":124,"column":3}},{"start":{"line":122,"column":2},"end":{"line":124,"column":3}}],"line":122},"12":{"loc":{"start":{"line":126,"column":2},"end":{"line":128,"column":3}},"type":"if","locations":[{"start":{"line":126,"column":2},"end":{"line":128,"column":3}},{"start":{"line":126,"column":2},"end":{"line":128,"column":3}}],"line":126},"13":{"loc":{"start":{"line":132,"column":2},"end":{"line":134,"column":3}},"type":"if","locations":[{"start":{"line":132,"column":2},"end":{"line":134,"column":3}},{"start":{"line":132,"column":2},"end":{"line":134,"column":3}}],"line":132},"14":{"loc":{"start":{"line":138,"column":2},"end":{"line":140,"column":3}},"type":"if","locations":[{"start":{"line":138,"column":2},"end":{"line":140,"column":3}},{"start":{"line":138,"column":2},"end":{"line":140,"column":3}}],"line":138},"15":{"loc":{"start":{"line":138,"column":6},"end":{"line":138,"column":100}},"type":"binary-expr","locations":[{"start":{"line":138,"column":6},"end":{"line":138,"column":20}},{"start":{"line":138,"column":24},"end":{"line":138,"column":58}},{"start":{"line":138,"column":62},"end":{"line":138,"column":100}}],"line":138}},"s":{"0":1,"1":1,"2":1,"3":1,"4":0,"5":0,"6":0,"7":0,"8":0,"9":0,"10":0,"11":0,"12":0,"13":0,"14":5,"15":5,"16":5,"17":2,"18":3,"19":3,"20":1,"21":2,"22":1,"23":1,"24":1,"25":4,"26":4,"27":1,"28":3,"29":3,"30":2,"31":1,"32":0,"33":0,"34":0,"35":0,"36":0,"37":0,"38":0,"39":0,"40":0,"41":0,"42":0,"43":0,"44":0,"45":0,"46":0,"47":0,"48":0,"49":0,"50":0,"51":0,"52":0,"53":0,"54":0,"55":0,"56":0,"57":0,"58":1},"f":{"0":0,"1":5,"2":4,"3":0,"4":0},"b":{"0":[0,0],"1":[0,0],"2":[2,3],"3":[1,2],"4":[1,1],"5":[1,3],"6":[2,1],"7":[3,2],"8":[0,0],"9":[0,0],"10":[0,0],"11":[0,0],"12":[0,0],"13":[0,0],"14":[0,0],"15":[0,0,0]},"_coverageSchema":"332fd63041d2c1bcb487cc26dd0d5f7d97098a6c","hash":"7a9aab297673ce59a195e2380cee3a3a4e7c24e8"}
}
