TN:
SF:/home/stephen/Downloads/table-football/api/api/routes/public/users.js
FN:7,create
FN:45,authenticate
FN:75,checkPasswordResetToken
FN:91,createPasswordReset
FN:117,updateUserFromPasswordReset
FNF:5
FNH:3
FNDA:0,create
FNDA:5,authenticate
FNDA:4,checkPasswordResetToken
FNDA:3,createPasswordReset
FNDA:0,updateUserFromPasswordReset
DA:1,1
DA:2,1
DA:3,1
DA:4,1
DA:6,1
DA:8,0
DA:15,0
DA:16,0
DA:19,0
DA:21,0
DA:22,0
DA:25,0
DA:33,0
DA:35,0
DA:37,0
DA:46,5
DA:51,5
DA:53,5
DA:54,2
DA:57,3
DA:59,3
DA:60,1
DA:63,2
DA:64,1
DA:67,1
DA:69,1
DA:76,4
DA:78,4
DA:79,1
DA:82,3
DA:84,3
DA:85,2
DA:88,1
DA:92,3
DA:94,3
DA:95,1
DA:98,2
DA:100,2
DA:101,1
DA:104,1
DA:106,1
DA:107,1
DA:109,1
DA:114,1
DA:118,0
DA:119,0
DA:122,0
DA:123,0
DA:126,0
DA:127,0
DA:130,0
DA:132,0
DA:133,0
DA:136,0
DA:138,0
DA:139,0
DA:142,0
DA:144,0
DA:146,0
DA:149,1
LF:60
LH:35
BRDA:15,0,0,0
BRDA:15,0,1,0
BRDA:21,1,0,0
BRDA:21,1,1,0
BRDA:53,2,0,2
BRDA:53,2,1,3
BRDA:59,3,0,1
BRDA:59,3,1,2
BRDA:63,4,0,1
BRDA:63,4,1,1
BRDA:78,5,0,1
BRDA:78,5,1,3
BRDA:84,6,0,2
BRDA:84,6,1,1
BRDA:84,7,0,3
BRDA:84,7,1,2
BRDA:94,8,0,1
BRDA:94,8,1,2
BRDA:100,9,0,1
BRDA:100,9,1,1
BRDA:118,10,0,0
BRDA:118,10,1,0
BRDA:122,11,0,0
BRDA:122,11,1,0
BRDA:126,12,0,0
BRDA:126,12,1,0
BRDA:132,13,0,0
BRDA:132,13,1,0
BRDA:138,14,0,0
BRDA:138,14,1,0
BRDA:138,15,0,0
BRDA:138,15,1,0
BRDA:138,15,2,0
BRF:33
BRH:16
end_of_record
